2022-09-11 17:02:34.463 +03:00 [INF] Entity Framework Core 6.0.8 initialized 'ApplicationContext' using provider 'Npgsql.EntityFrameworkCore.PostgreSQL:6.0.6+6fa8f3c27a7c241a66e72a6c09e0b252509215d0' with options: using NodaTime 
2022-09-11 17:03:22.761 +03:00 [INF] Entity Framework Core 6.0.8 initialized 'ApplicationContext' using provider 'Npgsql.EntityFrameworkCore.PostgreSQL:6.0.6+6fa8f3c27a7c241a66e72a6c09e0b252509215d0' with options: using NodaTime 
2022-09-11 17:03:23.492 +03:00 [INF] Executed DbCommand (116ms) [Parameters=[], CommandType='"Text"', CommandTimeout='30']
SELECT EXISTS (SELECT 1 FROM pg_catalog.pg_class c JOIN pg_catalog.pg_namespace n ON n.oid=c.relnamespace WHERE c.relname='__EFMigrationsHistory');
2022-09-11 17:03:23.535 +03:00 [INF] Executed DbCommand (6ms) [Parameters=[], CommandType='"Text"', CommandTimeout='30']
SELECT EXISTS (SELECT 1 FROM pg_catalog.pg_class c JOIN pg_catalog.pg_namespace n ON n.oid=c.relnamespace WHERE c.relname='__EFMigrationsHistory');
2022-09-11 17:03:23.573 +03:00 [INF] Executed DbCommand (14ms) [Parameters=[], CommandType='"Text"', CommandTimeout='30']
SELECT "MigrationId", "ProductVersion"
FROM "__EFMigrationsHistory"
ORDER BY "MigrationId";
2022-09-11 17:03:23.621 +03:00 [INF] Applying migration '20220911140235_Replace names with array'.
2022-09-11 17:03:23.809 +03:00 [INF] Executed DbCommand (23ms) [Parameters=[], CommandType='"Text"', CommandTimeout='30']
DELETE FROM "Lessons"
WHERE "Id" = 'e160f9d0-397f-426b-98a1-a6a3956210fb';
2022-09-11 17:03:23.821 +03:00 [INF] Executed DbCommand (12ms) [Parameters=[], CommandType='"Text"', CommandTimeout='30']
DELETE FROM "SubjectJournal"
WHERE "Id" = '5611343c-eec7-4097-a976-60dedf419bf4';
2022-09-11 17:03:23.894 +03:00 [INF] Executed DbCommand (72ms) [Parameters=[], CommandType='"Text"', CommandTimeout='30']
ALTER TABLE "Teachers" DROP COLUMN "FirstName";
2022-09-11 17:03:23.897 +03:00 [INF] Executed DbCommand (3ms) [Parameters=[], CommandType='"Text"', CommandTimeout='30']
ALTER TABLE "Teachers" DROP COLUMN "LastName";
2022-09-11 17:03:23.902 +03:00 [INF] Executed DbCommand (5ms) [Parameters=[], CommandType='"Text"', CommandTimeout='30']
ALTER TABLE "Students" DROP COLUMN "FirstName";
2022-09-11 17:03:23.911 +03:00 [INF] Executed DbCommand (8ms) [Parameters=[], CommandType='"Text"', CommandTimeout='30']
ALTER TABLE "Students" DROP COLUMN "LastName";
2022-09-11 17:03:24.004 +03:00 [INF] Executed DbCommand (93ms) [Parameters=[], CommandType='"Text"', CommandTimeout='30']
ALTER TABLE "Teachers" ADD "Names" text[] NOT NULL DEFAULT ARRAY[]::text[];
2022-09-11 17:03:24.006 +03:00 [INF] Executed DbCommand (2ms) [Parameters=[], CommandType='"Text"', CommandTimeout='30']
ALTER TABLE "Students" ADD "Names" text[] NOT NULL DEFAULT ARRAY[]::text[];
2022-09-11 17:03:24.009 +03:00 [INF] Executed DbCommand (2ms) [Parameters=[], CommandType='"Text"', CommandTimeout='30']
UPDATE "Students" SET "Names" = ARRAY['Mikhail','Mikhaylov']::text[]
WHERE "Id" = 1;
2022-09-11 17:03:24.011 +03:00 [INF] Executed DbCommand (2ms) [Parameters=[], CommandType='"Text"', CommandTimeout='30']
UPDATE "Students" SET "Names" = ARRAY['Vasiliy','Vasiliev']::text[]
WHERE "Id" = 2;
2022-09-11 17:03:24.032 +03:00 [INF] Executed DbCommand (20ms) [Parameters=[], CommandType='"Text"', CommandTimeout='30']
INSERT INTO "SubjectJournal" ("Id", "ClassId", "SubjectId", "TeacherId")
VALUES ('27c2daf4-d344-43a0-ab95-096a969134c0', 1, 1, 1);
2022-09-11 17:03:24.036 +03:00 [INF] Executed DbCommand (4ms) [Parameters=[], CommandType='"Text"', CommandTimeout='30']
UPDATE "Teachers" SET "Names" = ARRAY['Yana','Yanovna']::text[]
WHERE "Id" = 1;
2022-09-11 17:03:24.040 +03:00 [INF] Executed DbCommand (4ms) [Parameters=[], CommandType='"Text"', CommandTimeout='30']
INSERT INTO "Lessons" ("Id", "BeginDateTime", "EndDateTime", "HomeTask", "Marks", "SubjectJournalId")
VALUES ('ab271173-b4d4-4fbc-b76b-416842e7f29e', TIMESTAMPTZ '2022-09-07T11:10:00Z', TIMESTAMPTZ '2022-09-07T11:40:00Z', 'Draw a picture.', '{}', '27c2daf4-d344-43a0-ab95-096a969134c0');
2022-09-11 17:03:24.046 +03:00 [INF] Executed DbCommand (5ms) [Parameters=[], CommandType='"Text"', CommandTimeout='30']
INSERT INTO "__EFMigrationsHistory" ("MigrationId", "ProductVersion")
VALUES ('20220911140235_Replace names with array', '6.0.8');
2022-09-11 17:03:49.232 +03:00 [INF] Now listening on: https://localhost:7202
2022-09-11 17:03:50.237 +03:00 [INF] Now listening on: http://localhost:5285
2022-09-11 17:03:50.256 +03:00 [INF] Application started. Press Ctrl+C to shut down.
2022-09-11 17:03:50.257 +03:00 [INF] Hosting environment: Development
2022-09-11 17:03:50.257 +03:00 [INF] Content root path: /Users/eliasa/RiderProjects/SchoolJournal/SchoolJournal.API/
2022-09-11 17:03:52.056 +03:00 [INF] Request starting HTTP/1.1 GET https://localhost:7202/swagger/index.html - -
2022-09-11 17:03:53.040 +03:00 [INF] Request finished HTTP/1.1 GET https://localhost:7202/swagger/index.html - - - 200 - text/html;charset=utf-8 1014.7986ms
2022-09-11 17:03:53.213 +03:00 [INF] Request starting HTTP/1.1 GET https://localhost:7202/swagger/swagger-ui-bundle.js - -
2022-09-11 17:03:53.260 +03:00 [INF] Request starting HTTP/1.1 GET https://localhost:7202/swagger/swagger-ui-standalone-preset.js - -
2022-09-11 17:03:53.330 +03:00 [INF] Sending file. Request path: '/swagger-ui-bundle.js'. Physical path: 'N/A'
2022-09-11 17:03:53.338 +03:00 [INF] Sending file. Request path: '/swagger-ui-standalone-preset.js'. Physical path: 'N/A'
2022-09-11 17:03:53.360 +03:00 [INF] Request finished HTTP/1.1 GET https://localhost:7202/swagger/swagger-ui-bundle.js - - - 200 1092889 application/javascript 146.7162ms
2022-09-11 17:03:53.362 +03:00 [INF] Request finished HTTP/1.1 GET https://localhost:7202/swagger/swagger-ui-standalone-preset.js - - - 200 337162 application/javascript 102.0911ms
2022-09-11 17:03:53.763 +03:00 [INF] Request starting HTTP/1.1 GET https://localhost:7202/swagger/v1/swagger.json - -
2022-09-11 17:03:54.153 +03:00 [INF] Request finished HTTP/1.1 GET https://localhost:7202/swagger/v1/swagger.json - - - 200 - application/json;charset=utf-8 389.3959ms
2022-09-11 17:03:58.896 +03:00 [INF] Request starting HTTP/1.1 GET https://localhost:7202/api/Classes - -
2022-09-11 17:03:58.921 +03:00 [INF] Executing endpoint 'SchoolJournal.API.Controllers.ClassesController.Get (SchoolJournal.API)'
2022-09-11 17:03:59.029 +03:00 [INF] Route matched with {action = "Get", controller = "Classes"}. Executing controller action with signature System.Threading.Tasks.Task`1[Microsoft.AspNetCore.Mvc.IActionResult] Get() on controller SchoolJournal.API.Controllers.ClassesController (SchoolJournal.API).
2022-09-11 17:04:00.743 +03:00 [INF] Getting all classes.
2022-09-11 17:04:03.564 +03:00 [INF] Entity Framework Core 6.0.8 initialized 'ApplicationContext' using provider 'Npgsql.EntityFrameworkCore.PostgreSQL:6.0.6+6fa8f3c27a7c241a66e72a6c09e0b252509215d0' with options: using NodaTime 
2022-09-11 17:04:04.881 +03:00 [WRN] Compiling a query which loads related collections for more than one collection navigation, either via 'Include' or through projection, but no 'QuerySplittingBehavior' has been configured. By default, Entity Framework will use 'QuerySplittingBehavior.SingleQuery', which can potentially result in slow query performance. See https://go.microsoft.com/fwlink/?linkid=2134277 for more information. To identify the query that's triggering this warning call 'ConfigureWarnings(w => w.Throw(RelationalEventId.MultipleCollectionIncludeWarning))'.
2022-09-11 17:04:05.800 +03:00 [INF] Executed DbCommand (146ms) [Parameters=[], CommandType='"Text"', CommandTimeout='30']
SELECT c."Id", c."ClassTeacherId", c."Number", t."Id", s."Id", s."Birthday", s."ClassId", s."Login", s."Names", s."Password", t."Birthday", t."Login", t."Names", t."Password", t0."Id", t0."ClassId", t0."SubjectId", t0."TeacherId", t0."Id0", t0."Id1", t0."BeginDateTime", t0."EndDateTime", t0."HomeTask", t0."Marks", t0."SubjectJournalId", t0."Name"
FROM "Classes" AS c
INNER JOIN "Teachers" AS t ON c."ClassTeacherId" = t."Id"
LEFT JOIN "Students" AS s ON c."Id" = s."ClassId"
LEFT JOIN (
    SELECT s0."Id", s0."ClassId", s0."SubjectId", s0."TeacherId", s1."Id" AS "Id0", l."Id" AS "Id1", l."BeginDateTime", l."EndDateTime", l."HomeTask", l."Marks", l."SubjectJournalId", s1."Name"
    FROM "SubjectJournal" AS s0
    INNER JOIN "Subjects" AS s1 ON s0."SubjectId" = s1."Id"
    LEFT JOIN "Lessons" AS l ON s0."Id" = l."SubjectJournalId"
) AS t0 ON c."Id" = t0."ClassId"
ORDER BY c."Id", t."Id", s."Id", t0."Id", t0."Id0"
2022-09-11 17:04:06.619 +03:00 [INF] Got all classes successfully.
2022-09-11 17:04:06.667 +03:00 [INF] Executing OkObjectResult, writing value of type 'System.Collections.Generic.List`1[[SchoolJournal.Primitives.ClassViewModel, SchoolJournal.Primitives, Version=1.0.0.0, Culture=neutral, PublicKeyToken=null]]'.
2022-09-11 17:04:06.941 +03:00 [INF] Executed action SchoolJournal.API.Controllers.ClassesController.Get (SchoolJournal.API) in 7870.9868ms
2022-09-11 17:04:06.953 +03:00 [INF] Executed endpoint 'SchoolJournal.API.Controllers.ClassesController.Get (SchoolJournal.API)'
2022-09-11 17:04:07.115 +03:00 [INF] Request finished HTTP/1.1 GET https://localhost:7202/api/Classes - - - 200 - application/json;+charset=utf-8 8218.6521ms
2022-09-11 19:04:32.471 +03:00 [INF] Application is shutting down...
2022-09-11 19:05:16.376 +03:00 [INF] Now listening on: https://localhost:7202
2022-09-11 19:05:16.507 +03:00 [INF] Now listening on: http://localhost:5285
2022-09-11 19:05:16.515 +03:00 [INF] Application started. Press Ctrl+C to shut down.
2022-09-11 19:05:16.516 +03:00 [INF] Hosting environment: Development
2022-09-11 19:05:16.516 +03:00 [INF] Content root path: /Users/eliasa/RiderProjects/SchoolJournal/SchoolJournal.API/
2022-09-11 19:05:17.240 +03:00 [INF] Request starting HTTP/1.1 GET https://localhost:7202/swagger/index.html - -
2022-09-11 19:05:17.708 +03:00 [INF] Request finished HTTP/1.1 GET https://localhost:7202/swagger/index.html - - - 200 - text/html;charset=utf-8 474.0832ms
2022-09-11 19:05:18.130 +03:00 [INF] Request starting HTTP/1.1 GET https://localhost:7202/swagger/v1/swagger.json - -
2022-09-11 19:05:18.390 +03:00 [INF] Request finished HTTP/1.1 GET https://localhost:7202/swagger/v1/swagger.json - - - 200 - application/json;charset=utf-8 260.2851ms
2022-09-11 19:05:25.099 +03:00 [INF] Request starting HTTP/1.1 GET https://localhost:7202/api/Classes - -
2022-09-11 19:05:25.121 +03:00 [INF] Executing endpoint 'SchoolJournal.API.Controllers.ClassesController.Get (SchoolJournal.API)'
2022-09-11 19:05:25.185 +03:00 [INF] Route matched with {action = "Get", controller = "Classes"}. Executing controller action with signature System.Threading.Tasks.Task`1[Microsoft.AspNetCore.Mvc.IActionResult] Get() on controller SchoolJournal.API.Controllers.ClassesController (SchoolJournal.API).
2022-09-11 19:05:26.109 +03:00 [INF] Getting all classes.
2022-09-11 19:05:28.722 +03:00 [INF] Entity Framework Core 6.0.8 initialized 'ApplicationContext' using provider 'Npgsql.EntityFrameworkCore.PostgreSQL:6.0.6+6fa8f3c27a7c241a66e72a6c09e0b252509215d0' with options: using NodaTime 
2022-09-11 19:05:29.741 +03:00 [WRN] Compiling a query which loads related collections for more than one collection navigation, either via 'Include' or through projection, but no 'QuerySplittingBehavior' has been configured. By default, Entity Framework will use 'QuerySplittingBehavior.SingleQuery', which can potentially result in slow query performance. See https://go.microsoft.com/fwlink/?linkid=2134277 for more information. To identify the query that's triggering this warning call 'ConfigureWarnings(w => w.Throw(RelationalEventId.MultipleCollectionIncludeWarning))'.
2022-09-11 19:05:30.897 +03:00 [INF] Executed DbCommand (168ms) [Parameters=[], CommandType='"Text"', CommandTimeout='30']
SELECT c."Id", c."ClassTeacherId", c."Number", t."Id", s."Id", s."Birthday", s."ClassId", s."Login", s."Names", s."Password", t."Birthday", t."Login", t."Names", t."Password", t0."Id", t0."ClassId", t0."SubjectId", t0."TeacherId", t0."Id0", t0."Id1", t0."BeginDateTime", t0."EndDateTime", t0."HomeTask", t0."Marks", t0."SubjectJournalId", t0."Name"
FROM "Classes" AS c
INNER JOIN "Teachers" AS t ON c."ClassTeacherId" = t."Id"
LEFT JOIN "Students" AS s ON c."Id" = s."ClassId"
LEFT JOIN (
    SELECT s0."Id", s0."ClassId", s0."SubjectId", s0."TeacherId", s1."Id" AS "Id0", l."Id" AS "Id1", l."BeginDateTime", l."EndDateTime", l."HomeTask", l."Marks", l."SubjectJournalId", s1."Name"
    FROM "SubjectJournal" AS s0
    INNER JOIN "Subjects" AS s1 ON s0."SubjectId" = s1."Id"
    LEFT JOIN "Lessons" AS l ON s0."Id" = l."SubjectJournalId"
) AS t0 ON c."Id" = t0."ClassId"
ORDER BY c."Id", t."Id", s."Id", t0."Id", t0."Id0"
2022-09-11 19:05:31.151 +03:00 [INF] Got all classes successfully.
2022-09-11 19:05:31.198 +03:00 [INF] Executing OkObjectResult, writing value of type 'System.Collections.Generic.List`1[[SchoolJournal.Primitives.ClassViewModel, SchoolJournal.Primitives, Version=1.0.0.0, Culture=neutral, PublicKeyToken=null]]'.
2022-09-11 19:05:31.271 +03:00 [INF] Executed action SchoolJournal.API.Controllers.ClassesController.Get (SchoolJournal.API) in 6062.7916ms
2022-09-11 19:05:31.274 +03:00 [INF] Executed endpoint 'SchoolJournal.API.Controllers.ClassesController.Get (SchoolJournal.API)'
2022-09-11 19:05:31.413 +03:00 [INF] Request finished HTTP/1.1 GET https://localhost:7202/api/Classes - - - 200 - application/json;+charset=utf-8 6313.6911ms
2022-09-11 19:06:09.993 +03:00 [INF] Request starting HTTP/1.1 GET https://localhost:7202/api/Classes - -
2022-09-11 19:06:09.994 +03:00 [INF] Executing endpoint 'SchoolJournal.API.Controllers.ClassesController.Get (SchoolJournal.API)'
2022-09-11 19:06:09.995 +03:00 [INF] Route matched with {action = "Get", controller = "Classes"}. Executing controller action with signature System.Threading.Tasks.Task`1[Microsoft.AspNetCore.Mvc.IActionResult] Get() on controller SchoolJournal.API.Controllers.ClassesController (SchoolJournal.API).
2022-09-11 19:06:09.996 +03:00 [INF] Getting all classes.
2022-09-11 19:06:10.000 +03:00 [INF] Entity Framework Core 6.0.8 initialized 'ApplicationContext' using provider 'Npgsql.EntityFrameworkCore.PostgreSQL:6.0.6+6fa8f3c27a7c241a66e72a6c09e0b252509215d0' with options: using NodaTime 
2022-09-11 19:06:10.027 +03:00 [INF] Executed DbCommand (14ms) [Parameters=[], CommandType='"Text"', CommandTimeout='30']
SELECT c."Id", c."ClassTeacherId", c."Number", t."Id", s."Id", s."Birthday", s."ClassId", s."Login", s."Names", s."Password", t."Birthday", t."Login", t."Names", t."Password", t0."Id", t0."ClassId", t0."SubjectId", t0."TeacherId", t0."Id0", t0."Id1", t0."BeginDateTime", t0."EndDateTime", t0."HomeTask", t0."Marks", t0."SubjectJournalId", t0."Name"
FROM "Classes" AS c
INNER JOIN "Teachers" AS t ON c."ClassTeacherId" = t."Id"
LEFT JOIN "Students" AS s ON c."Id" = s."ClassId"
LEFT JOIN (
    SELECT s0."Id", s0."ClassId", s0."SubjectId", s0."TeacherId", s1."Id" AS "Id0", l."Id" AS "Id1", l."BeginDateTime", l."EndDateTime", l."HomeTask", l."Marks", l."SubjectJournalId", s1."Name"
    FROM "SubjectJournal" AS s0
    INNER JOIN "Subjects" AS s1 ON s0."SubjectId" = s1."Id"
    LEFT JOIN "Lessons" AS l ON s0."Id" = l."SubjectJournalId"
) AS t0 ON c."Id" = t0."ClassId"
ORDER BY c."Id", t."Id", s."Id", t0."Id", t0."Id0"
2022-09-11 19:06:10.029 +03:00 [INF] Got all classes successfully.
2022-09-11 19:06:10.031 +03:00 [INF] Executing OkObjectResult, writing value of type 'System.Collections.Generic.List`1[[SchoolJournal.Primitives.ClassViewModel, SchoolJournal.Primitives, Version=1.0.0.0, Culture=neutral, PublicKeyToken=null]]'.
2022-09-11 19:06:10.031 +03:00 [INF] Executed action SchoolJournal.API.Controllers.ClassesController.Get (SchoolJournal.API) in 36.5475ms
2022-09-11 19:06:10.032 +03:00 [INF] Executed endpoint 'SchoolJournal.API.Controllers.ClassesController.Get (SchoolJournal.API)'
2022-09-11 19:06:10.032 +03:00 [INF] Request finished HTTP/1.1 GET https://localhost:7202/api/Classes - - - 200 - application/json;+charset=utf-8 38.7316ms
2022-09-11 19:06:21.017 +03:00 [INF] Request starting HTTP/1.1 GET https://localhost:7202/api/Classes/5 - -
2022-09-11 19:06:21.023 +03:00 [INF] Executing endpoint 'SchoolJournal.API.Controllers.ClassesController.Get (SchoolJournal.API)'
2022-09-11 19:06:21.084 +03:00 [INF] Route matched with {action = "Get", controller = "Classes"}. Executing controller action with signature System.Threading.Tasks.Task`1[Microsoft.AspNetCore.Mvc.IActionResult] Get(Int32) on controller SchoolJournal.API.Controllers.ClassesController (SchoolJournal.API).
2022-09-11 19:06:21.132 +03:00 [INF] Getting class : ID 5.
2022-09-11 19:06:21.297 +03:00 [INF] Entity Framework Core 6.0.8 initialized 'ApplicationContext' using provider 'Npgsql.EntityFrameworkCore.PostgreSQL:6.0.6+6fa8f3c27a7c241a66e72a6c09e0b252509215d0' with options: using NodaTime 
2022-09-11 19:06:21.414 +03:00 [WRN] Compiling a query which loads related collections for more than one collection navigation, either via 'Include' or through projection, but no 'QuerySplittingBehavior' has been configured. By default, Entity Framework will use 'QuerySplittingBehavior.SingleQuery', which can potentially result in slow query performance. See https://go.microsoft.com/fwlink/?linkid=2134277 for more information. To identify the query that's triggering this warning call 'ConfigureWarnings(w => w.Throw(RelationalEventId.MultipleCollectionIncludeWarning))'.
2022-09-11 19:06:21.515 +03:00 [INF] Executed DbCommand (39ms) [Parameters=[@__request_Id_0='?' (DbType = Int32)], CommandType='"Text"', CommandTimeout='30']
SELECT t0."Id", t0."ClassTeacherId", t0."Number", t0."Id0", s."Id", s."Birthday", s."ClassId", s."Login", s."Names", s."Password", t0."Birthday", t0."Login", t0."Names", t0."Password", t1."Id", t1."ClassId", t1."SubjectId", t1."TeacherId", t1."Id0", t1."Id1", t1."BeginDateTime", t1."EndDateTime", t1."HomeTask", t1."Marks", t1."SubjectJournalId", t1."Name"
FROM (
    SELECT c."Id", c."ClassTeacherId", c."Number", t."Id" AS "Id0", t."Birthday", t."Login", t."Names", t."Password"
    FROM "Classes" AS c
    INNER JOIN "Teachers" AS t ON c."ClassTeacherId" = t."Id"
    WHERE c."Id" = @__request_Id_0
    LIMIT 1
) AS t0
LEFT JOIN "Students" AS s ON t0."Id" = s."ClassId"
LEFT JOIN (
    SELECT s0."Id", s0."ClassId", s0."SubjectId", s0."TeacherId", s1."Id" AS "Id0", l."Id" AS "Id1", l."BeginDateTime", l."EndDateTime", l."HomeTask", l."Marks", l."SubjectJournalId", s1."Name"
    FROM "SubjectJournal" AS s0
    INNER JOIN "Subjects" AS s1 ON s0."SubjectId" = s1."Id"
    LEFT JOIN "Lessons" AS l ON s0."Id" = l."SubjectJournalId"
) AS t1 ON t0."Id" = t1."ClassId"
ORDER BY t0."Id", t0."Id0", s."Id", t1."Id", t1."Id0"
2022-09-11 19:06:21.522 +03:00 [INF] Executed action SchoolJournal.API.Controllers.ClassesController.Get (SchoolJournal.API) in 437.2481ms
2022-09-11 19:06:21.524 +03:00 [INF] Executed endpoint 'SchoolJournal.API.Controllers.ClassesController.Get (SchoolJournal.API)'
2022-09-11 19:06:21.531 +03:00 [WRN] Class NOT FOUND : ID 5.
2022-09-11 19:06:21.532 +03:00 [INF] Request finished HTTP/1.1 GET https://localhost:7202/api/Classes/5 - - - 404 - application/json 514.3881ms
2022-09-11 19:06:27.789 +03:00 [INF] Request starting HTTP/1.1 GET https://localhost:7202/api/Classes/1 - -
2022-09-11 19:06:27.802 +03:00 [INF] Executing endpoint 'SchoolJournal.API.Controllers.ClassesController.Get (SchoolJournal.API)'
2022-09-11 19:06:27.803 +03:00 [INF] Route matched with {action = "Get", controller = "Classes"}. Executing controller action with signature System.Threading.Tasks.Task`1[Microsoft.AspNetCore.Mvc.IActionResult] Get(Int32) on controller SchoolJournal.API.Controllers.ClassesController (SchoolJournal.API).
2022-09-11 19:06:27.806 +03:00 [INF] Getting class : ID 1.
2022-09-11 19:06:27.808 +03:00 [INF] Entity Framework Core 6.0.8 initialized 'ApplicationContext' using provider 'Npgsql.EntityFrameworkCore.PostgreSQL:6.0.6+6fa8f3c27a7c241a66e72a6c09e0b252509215d0' with options: using NodaTime 
2022-09-11 19:06:27.825 +03:00 [INF] Executed DbCommand (14ms) [Parameters=[@__request_Id_0='?' (DbType = Int32)], CommandType='"Text"', CommandTimeout='30']
SELECT t0."Id", t0."ClassTeacherId", t0."Number", t0."Id0", s."Id", s."Birthday", s."ClassId", s."Login", s."Names", s."Password", t0."Birthday", t0."Login", t0."Names", t0."Password", t1."Id", t1."ClassId", t1."SubjectId", t1."TeacherId", t1."Id0", t1."Id1", t1."BeginDateTime", t1."EndDateTime", t1."HomeTask", t1."Marks", t1."SubjectJournalId", t1."Name"
FROM (
    SELECT c."Id", c."ClassTeacherId", c."Number", t."Id" AS "Id0", t."Birthday", t."Login", t."Names", t."Password"
    FROM "Classes" AS c
    INNER JOIN "Teachers" AS t ON c."ClassTeacherId" = t."Id"
    WHERE c."Id" = @__request_Id_0
    LIMIT 1
) AS t0
LEFT JOIN "Students" AS s ON t0."Id" = s."ClassId"
LEFT JOIN (
    SELECT s0."Id", s0."ClassId", s0."SubjectId", s0."TeacherId", s1."Id" AS "Id0", l."Id" AS "Id1", l."BeginDateTime", l."EndDateTime", l."HomeTask", l."Marks", l."SubjectJournalId", s1."Name"
    FROM "SubjectJournal" AS s0
    INNER JOIN "Subjects" AS s1 ON s0."SubjectId" = s1."Id"
    LEFT JOIN "Lessons" AS l ON s0."Id" = l."SubjectJournalId"
) AS t1 ON t0."Id" = t1."ClassId"
ORDER BY t0."Id", t0."Id0", s."Id", t1."Id", t1."Id0"
2022-09-11 19:06:27.840 +03:00 [INF] Got class successfully : ID 1.
2022-09-11 19:06:27.841 +03:00 [INF] Executing OkObjectResult, writing value of type 'SchoolJournal.Primitives.ClassViewModel'.
2022-09-11 19:06:27.841 +03:00 [INF] Executed action SchoolJournal.API.Controllers.ClassesController.Get (SchoolJournal.API) in 37.9912ms
2022-09-11 19:06:27.845 +03:00 [INF] Executed endpoint 'SchoolJournal.API.Controllers.ClassesController.Get (SchoolJournal.API)'
2022-09-11 19:06:27.846 +03:00 [INF] Request finished HTTP/1.1 GET https://localhost:7202/api/Classes/1 - - - 200 - application/json;+charset=utf-8 56.8447ms
2022-09-11 19:52:03.525 +03:00 [INF] Application is shutting down...
