2022-09-10 20:23:21.157 +03:00 [INF] Now listening on: https://localhost:7202
2022-09-10 20:23:21.306 +03:00 [INF] Now listening on: http://localhost:5285
2022-09-10 20:23:21.314 +03:00 [INF] Application started. Press Ctrl+C to shut down.
2022-09-10 20:23:21.315 +03:00 [INF] Hosting environment: Development
2022-09-10 20:23:21.315 +03:00 [INF] Content root path: /Users/eliasa/RiderProjects/SchoolJournal/SchoolJournal.API/
2022-09-10 20:23:22.236 +03:00 [INF] Request starting HTTP/1.1 GET https://localhost:7202/swagger/index.html - -
2022-09-10 20:23:22.745 +03:00 [INF] Request finished HTTP/1.1 GET https://localhost:7202/swagger/index.html - - - 200 - text/html;charset=utf-8 546.3283ms
2022-09-10 20:23:23.488 +03:00 [INF] Request starting HTTP/1.1 GET https://localhost:7202/swagger/v1/swagger.json - -
2022-09-10 20:23:24.141 +03:00 [INF] Request finished HTTP/1.1 GET https://localhost:7202/swagger/v1/swagger.json - - - 200 - application/json;charset=utf-8 652.9677ms
2022-09-10 20:23:39.315 +03:00 [INF] Request starting HTTP/1.1 GET https://localhost:7202/api/Classes - -
2022-09-10 20:23:39.342 +03:00 [INF] Executing endpoint 'SchoolJournal.API.Controllers.ClassesController.Get (SchoolJournal.API)'
2022-09-10 20:23:39.442 +03:00 [INF] Route matched with {action = "Get", controller = "Classes"}. Executing controller action with signature System.Threading.Tasks.Task`1[Microsoft.AspNetCore.Mvc.IActionResult] Get() on controller SchoolJournal.API.Controllers.ClassesController (SchoolJournal.API).
2022-09-10 20:23:40.934 +03:00 [INF] Getting all classes.
2022-09-10 20:23:43.553 +03:00 [INF] Entity Framework Core 6.0.8 initialized 'ApplicationContext' using provider 'Npgsql.EntityFrameworkCore.PostgreSQL:6.0.6+6fa8f3c27a7c241a66e72a6c09e0b252509215d0' with options: None
2022-09-10 20:23:44.297 +03:00 [WRN] Compiling a query which loads related collections for more than one collection navigation, either via 'Include' or through projection, but no 'QuerySplittingBehavior' has been configured. By default, Entity Framework will use 'QuerySplittingBehavior.SingleQuery', which can potentially result in slow query performance. See https://go.microsoft.com/fwlink/?linkid=2134277 for more information. To identify the query that's triggering this warning call 'ConfigureWarnings(w => w.Throw(RelationalEventId.MultipleCollectionIncludeWarning))'.
2022-09-10 20:23:44.977 +03:00 [INF] Executed DbCommand (117ms) [Parameters=[], CommandType='"Text"', CommandTimeout='30']
SELECT c."Id", c."ClassTeacherId", c."Number", t."Id", s."Id", s."Birthday", s."ClassId", s."FirstName", s."LastName", s."Login", s."Password", t."Birthday", t."FirstName", t."LastName", t."Login", t."Password", s0."Id", s0."ClassId", s0."SubjectId", s0."TeacherId"
FROM "Classes" AS c
INNER JOIN "Teachers" AS t ON c."ClassTeacherId" = t."Id"
LEFT JOIN "Students" AS s ON c."Id" = s."ClassId"
LEFT JOIN "SubjectJournal" AS s0 ON c."Id" = s0."ClassId"
ORDER BY c."Id", t."Id", s."Id"
2022-09-10 20:23:45.316 +03:00 [INF] Got all classes successfully.
2022-09-10 20:23:45.357 +03:00 [INF] Executing OkObjectResult, writing value of type 'System.Collections.Generic.List`1[[SchoolJournal.Primitives.ClassViewModel, SchoolJournal.Primitives, Version=1.0.0.0, Culture=neutral, PublicKeyToken=null]]'.
2022-09-10 20:23:45.408 +03:00 [INF] Executed action SchoolJournal.API.Controllers.ClassesController.Get (SchoolJournal.API) in 5947.8723ms
2022-09-10 20:23:45.411 +03:00 [INF] Executed endpoint 'SchoolJournal.API.Controllers.ClassesController.Get (SchoolJournal.API)'
2022-09-10 20:23:45.467 +03:00 [INF] Request finished HTTP/1.1 GET https://localhost:7202/api/Classes - - - 200 - application/json;+charset=utf-8 6152.1165ms
2022-09-10 20:24:40.442 +03:00 [INF] Request starting HTTP/1.1 GET https://localhost:7202/swagger/index.html - -
2022-09-10 20:24:40.468 +03:00 [INF] Request finished HTTP/1.1 GET https://localhost:7202/swagger/index.html - - - 200 - text/html;charset=utf-8 26.4407ms
2022-09-10 20:24:41.091 +03:00 [INF] Request starting HTTP/1.1 GET https://localhost:7202/swagger/v1/swagger.json - -
2022-09-10 20:24:41.127 +03:00 [INF] Request finished HTTP/1.1 GET https://localhost:7202/swagger/v1/swagger.json - - - 200 - application/json;charset=utf-8 36.1750ms
2022-09-10 20:25:13.821 +03:00 [INF] Application is shutting down...
2022-09-10 20:25:30.998 +03:00 [INF] Now listening on: https://localhost:7202
2022-09-10 20:25:31.169 +03:00 [INF] Now listening on: http://localhost:5285
2022-09-10 20:25:31.174 +03:00 [INF] Application started. Press Ctrl+C to shut down.
2022-09-10 20:25:31.175 +03:00 [INF] Hosting environment: Development
2022-09-10 20:25:31.175 +03:00 [INF] Content root path: /Users/eliasa/RiderProjects/SchoolJournal/SchoolJournal.API/
2022-09-10 20:25:31.969 +03:00 [INF] Request starting HTTP/1.1 GET https://localhost:7202/swagger/index.html - -
2022-09-10 20:25:32.622 +03:00 [INF] Request finished HTTP/1.1 GET https://localhost:7202/swagger/index.html - - - 200 - text/html;charset=utf-8 661.1597ms
2022-09-10 20:25:33.031 +03:00 [INF] Request starting HTTP/1.1 GET https://localhost:7202/swagger/v1/swagger.json - -
2022-09-10 20:25:33.367 +03:00 [INF] Request finished HTTP/1.1 GET https://localhost:7202/swagger/v1/swagger.json - - - 200 - application/json;charset=utf-8 332.6120ms
2022-09-10 20:25:50.420 +03:00 [INF] Request starting HTTP/1.1 GET https://localhost:7202/api/Classes - -
2022-09-10 20:25:50.449 +03:00 [INF] Executing endpoint 'SchoolJournal.API.Controllers.ClassesController.Get (SchoolJournal.API)'
2022-09-10 20:25:50.491 +03:00 [INF] Route matched with {action = "Get", controller = "Classes"}. Executing controller action with signature System.Threading.Tasks.Task`1[Microsoft.AspNetCore.Mvc.IActionResult] Get() on controller SchoolJournal.API.Controllers.ClassesController (SchoolJournal.API).
2022-09-10 20:25:51.333 +03:00 [INF] Getting all classes.
2022-09-10 20:25:53.701 +03:00 [INF] Entity Framework Core 6.0.8 initialized 'ApplicationContext' using provider 'Npgsql.EntityFrameworkCore.PostgreSQL:6.0.6+6fa8f3c27a7c241a66e72a6c09e0b252509215d0' with options: None
2022-09-10 20:25:54.518 +03:00 [WRN] Compiling a query which loads related collections for more than one collection navigation, either via 'Include' or through projection, but no 'QuerySplittingBehavior' has been configured. By default, Entity Framework will use 'QuerySplittingBehavior.SingleQuery', which can potentially result in slow query performance. See https://go.microsoft.com/fwlink/?linkid=2134277 for more information. To identify the query that's triggering this warning call 'ConfigureWarnings(w => w.Throw(RelationalEventId.MultipleCollectionIncludeWarning))'.
2022-09-10 20:25:55.233 +03:00 [INF] Executed DbCommand (128ms) [Parameters=[], CommandType='"Text"', CommandTimeout='30']
SELECT c."Id", c."ClassTeacherId", c."Number", t."Id", s."Id", s."Birthday", s."ClassId", s."FirstName", s."LastName", s."Login", s."Password", t."Birthday", t."FirstName", t."LastName", t."Login", t."Password", s0."Id", s0."ClassId", s0."SubjectId", s0."TeacherId"
FROM "Classes" AS c
INNER JOIN "Teachers" AS t ON c."ClassTeacherId" = t."Id"
LEFT JOIN "Students" AS s ON c."Id" = s."ClassId"
LEFT JOIN "SubjectJournal" AS s0 ON c."Id" = s0."ClassId"
ORDER BY c."Id", t."Id", s."Id"
2022-09-10 20:25:55.641 +03:00 [INF] Got all classes successfully.
2022-09-10 20:25:55.686 +03:00 [INF] Executing OkObjectResult, writing value of type 'System.Collections.Generic.List`1[[SchoolJournal.Primitives.ClassViewModel, SchoolJournal.Primitives, Version=1.0.0.0, Culture=neutral, PublicKeyToken=null]]'.
2022-09-10 20:25:55.758 +03:00 [INF] Executed action SchoolJournal.API.Controllers.ClassesController.Get (SchoolJournal.API) in 5248.8707ms
2022-09-10 20:25:55.762 +03:00 [INF] Executed endpoint 'SchoolJournal.API.Controllers.ClassesController.Get (SchoolJournal.API)'
2022-09-10 20:25:55.877 +03:00 [INF] Request finished HTTP/1.1 GET https://localhost:7202/api/Classes - - - 200 - application/json;+charset=utf-8 5457.2639ms
2022-09-10 20:27:00.610 +03:00 [INF] Application is shutting down...
2022-09-10 20:27:36.012 +03:00 [INF] Entity Framework Core 6.0.8 initialized 'ApplicationContext' using provider 'Npgsql.EntityFrameworkCore.PostgreSQL:6.0.6+6fa8f3c27a7c241a66e72a6c09e0b252509215d0' with options: None
2022-09-10 20:28:10.327 +03:00 [INF] Entity Framework Core 6.0.8 initialized 'ApplicationContext' using provider 'Npgsql.EntityFrameworkCore.PostgreSQL:6.0.6+6fa8f3c27a7c241a66e72a6c09e0b252509215d0' with options: None
2022-09-10 20:28:11.122 +03:00 [INF] Executed DbCommand (156ms) [Parameters=[], CommandType='"Text"', CommandTimeout='30']
SELECT EXISTS (SELECT 1 FROM pg_catalog.pg_class c JOIN pg_catalog.pg_namespace n ON n.oid=c.relnamespace WHERE c.relname='__EFMigrationsHistory');
2022-09-10 20:28:11.180 +03:00 [INF] Executed DbCommand (18ms) [Parameters=[], CommandType='"Text"', CommandTimeout='30']
SELECT EXISTS (SELECT 1 FROM pg_catalog.pg_class c JOIN pg_catalog.pg_namespace n ON n.oid=c.relnamespace WHERE c.relname='__EFMigrationsHistory');
2022-09-10 20:28:11.261 +03:00 [INF] Executed DbCommand (60ms) [Parameters=[], CommandType='"Text"', CommandTimeout='30']
SELECT "MigrationId", "ProductVersion"
FROM "__EFMigrationsHistory"
ORDER BY "MigrationId";
2022-09-10 20:28:11.352 +03:00 [INF] Applying migration '20220910172736_Added seed data'.
2022-09-10 20:33:31.682 +03:00 [INF] Entity Framework Core 6.0.8 initialized 'ApplicationContext' using provider 'Npgsql.EntityFrameworkCore.PostgreSQL:6.0.6+6fa8f3c27a7c241a66e72a6c09e0b252509215d0' with options: None
2022-09-10 20:33:52.123 +03:00 [INF] Entity Framework Core 6.0.8 initialized 'ApplicationContext' using provider 'Npgsql.EntityFrameworkCore.PostgreSQL:6.0.6+6fa8f3c27a7c241a66e72a6c09e0b252509215d0' with options: None
2022-09-10 20:33:52.763 +03:00 [INF] Executed DbCommand (125ms) [Parameters=[], CommandType='"Text"', CommandTimeout='30']
SELECT EXISTS (SELECT 1 FROM pg_catalog.pg_class c JOIN pg_catalog.pg_namespace n ON n.oid=c.relnamespace WHERE c.relname='__EFMigrationsHistory');
2022-09-10 20:33:52.820 +03:00 [INF] Executed DbCommand (6ms) [Parameters=[], CommandType='"Text"', CommandTimeout='30']
SELECT EXISTS (SELECT 1 FROM pg_catalog.pg_class c JOIN pg_catalog.pg_namespace n ON n.oid=c.relnamespace WHERE c.relname='__EFMigrationsHistory');
2022-09-10 20:33:52.848 +03:00 [INF] Executed DbCommand (3ms) [Parameters=[], CommandType='"Text"', CommandTimeout='30']
SELECT "MigrationId", "ProductVersion"
FROM "__EFMigrationsHistory"
ORDER BY "MigrationId";
2022-09-10 20:33:52.894 +03:00 [INF] Applying migration '20220910172736_Added seed data'.
